JvmtiExport can_access_local_variables 0
JvmtiExport can_hotswap_or_post_breakpoint 0
JvmtiExport can_post_on_exceptions 0
# 240 ciObject found
ciMethod java/lang/Object <init> ()V 4097 1 19502 0 0
ciMethod java/lang/Object hashCode ()I 2049 1 256 0 -1
ciMethod java/lang/Object equals (Ljava/lang/Object;)Z 4097 1 13 0 -1
ciMethod java/lang/String equals (Ljava/lang/Object;)Z 2185 11609 2903 0 -1
ciMethod java/lang/String hashCode ()I 2817 32769 1131 0 288
ciMethod java/lang/String toLowerCase ()Ljava/lang/String; 1793 1 272 0 -1
ciMethod java/lang/System arraycopy (Ljava/lang/Object;ILjava/lang/Object;II)V 5121 1 640 0 -1
ciMethod java/lang/StringBuilder <init> ()V 985 1 1721 0 -1
ciMethod java/lang/StringBuilder append (Ljava/lang/String;)Ljava/lang/StringBuilder; 2073 1 4369 0 -1
ciMethod java/lang/StringBuilder append (I)Ljava/lang/StringBuilder; 0 0 33 0 -1
ciMethod java/lang/StringBuilder toString ()Ljava/lang/String; 1073 1 1917 0 -1
ciMethod java/net/URL getPort ()I 1041 1 130 0 -1
ciMethod java/net/URL getDefaultPort ()I 529 1 64 0 -1
ciMethod java/net/URL getProtocol ()Ljava/lang/String; 1089 1 136 0 -1
ciMethod java/net/URL getHost ()Ljava/lang/String; 1081 1 135 0 -1
ciMethod java/net/URL getFile ()Ljava/lang/String; 1025 1 128 0 -1
ciMethod java/util/jar/Manifest getMainAttributes ()Ljava/util/jar/Attributes; 1033 1 129 0 -1
ciMethod java/security/AccessController doPrivileged (Ljava/security/PrivilegedExceptionAction;)Ljava/lang/Object; 865 1 108 4 -1
ciMethod java/util/Vector size ()I 1065 1 133 0 0
ciMethod java/util/Vector elementAt (I)Ljava/lang/Object; 313 1 134 0 -1
ciMethod java/util/Vector removeElementAt (I)V 129 1 62 0 -1
ciMethod java/util/Vector elementData (I)Ljava/lang/Object; 1073 1 134 0 -1
ciMethod java/util/Stack pop ()Ljava/lang/Object; 129 1 62 0 0
ciMethod java/util/Stack peek ()Ljava/lang/Object; 137 1 63 0 -1
ciMethod java/util/Stack empty ()Z 321 1 299 0 0
ciMethod java/util/ArrayList ensureCapacityInternal (I)V 1345 1 1453 0 0
ciMethod java/util/ArrayList ensureExplicitCapacity (I)V 1345 1 1453 0 0
ciMethod java/util/ArrayList grow (I)V 225 1 183 0 0
ciMethod java/util/ArrayList hugeCapacity (I)I 0 0 1 0 -1
ciMethod java/util/ArrayList size ()I 1049 1 131 0 0
ciMethod java/util/ArrayList elementData (I)Ljava/lang/Object; 1921 1 5273 0 0
ciMethod java/util/ArrayList get (I)Ljava/lang/Object; 1921 1 5179 0 0
ciMethod java/util/ArrayList add (Ljava/lang/Object;)Z 1345 1 1440 0 0
ciMethod java/util/ArrayList rangeCheck (I)V 1921 1 5273 0 0
ciMethod sun/misc/SharedSecrets javaUtilJarAccess ()Lsun/misc/JavaUtilJarAccess; 313 1 39 0 -1
ciMethod java/util/HashMap hash (Ljava/lang/Object;)I 2049 1 6690 0 0
ciMethod java/util/HashMap getNode (ILjava/lang/Object;)Ljava/util/HashMap$Node; 2049 49 4775 0 -1
ciMethod java/util/HashMap containsKey (Ljava/lang/Object;)Z 841 1 99 0 0
ciMethod java/util/HashMap put (Ljava/lang/Object;Ljava/lang/Object;)Ljava/lang/Object; 2049 1 1902 0 0
ciMethod java/util/HashMap putVal (ILjava/lang/Object;Ljava/lang/Object;ZZ)Ljava/lang/Object; 2049 105 1916 0 0
ciMethod java/util/HashMap resize ()[Ljava/util/HashMap$Node; 441 2009 194 0 0
ciMethod java/util/HashMap treeifyBin ([Ljava/util/HashMap$Node;I)V 0 0 1 0 -1
ciMethod java/util/HashMap newNode (ILjava/lang/Object;Ljava/lang/Object;Ljava/util/HashMap$Node;)Ljava/util/HashMap$Node; 2057 1 1539 0 0
ciMethod java/util/HashMap afterNodeAccess (Ljava/util/HashMap$Node;)V 2049 1 276 0 0
ciMethod java/util/HashMap afterNodeInsertion (Z)V 2073 1 1283 0 0
ciMethod java/util/HashMap$Node <init> (ILjava/lang/Object;Ljava/lang/Object;Ljava/util/HashMap$Node;)V 2065 1 1640 0 0
ciMethod java/lang/Math max (II)I 1073 1 5392 0 -1
ciMethod java/io/PrintStream println (Ljava/lang/String;)V 0 0 1 0 -1
ciMethod java/util/Arrays copyOf ([Ljava/lang/Object;I)[Ljava/lang/Object; 2073 1 212 0 -1
ciMethodData java/lang/Object <init> ()V 2 19502 orig 264 72 34 91 100 0 0 0 0 128 4 36 21 0 0 0 0 32 1 0 0 0 0 0 0 0 0 0 0 0 0 0 0 0 0 0 0 0 0 0 0 0 0 0 0 0 0 0 0 0 0 0 0 0 0 0 0 0 0 0 0 0 0 0 0 0 0 0 0 0 0 0 0 0 0 0 0 0 0 0 0 77 68 79 32 101 120 116 114 97 32 100 97 116 97 32 108 111 99 107 0 0 0 0 0 0 0 0 0 0 0 0 0 0 0 0 0 0 0 0 0 0 0 0 0 0 0 0 0 0 0 0 0 0 0 0 0 0 0 0 0 0 0 0 0 0 0 0 0 0 0 0 0 0 0 0 0 0 0 0 0 0 0 0 0 0 0 0 0 0 0 0 0 0 0 0 0 0 0 0 0 0 0 0 0 0 0 0 0 0 0 0 0 0 0 0 0 0 0 0 0 0 0 0 0 0 0 0 0 0 0 0 0 0 0 0 0 0 2 0 0 113 81 2 0 1 0 0 0 0 0 0 0 0 0 0 0 2 0 0 0 0 0 3 0 1 0 0 0 0 0 0 0 255 255 255 255 0 0 0 0 0 0 0 0 data 0 oops 0
ciMethod java/util/HashMap$TreeNode getTreeNode (ILjava/lang/Object;)Ljava/util/HashMap$TreeNode; 0 0 1 0 -1
ciMethod java/util/HashMap$TreeNode putTreeVal (Ljava/util/HashMap;[Ljava/util/HashMap$Node;ILjava/lang/Object;Ljava/lang/Object;)Ljava/util/HashMap$TreeNode; 0 0 1 0 -1
ciMethod java/util/HashMap$TreeNode split (Ljava/util/HashMap;[Ljava/util/HashMap$Node;II)V 0 0 1 0 -1
ciMethod java/net/URLStreamHandler getDefaultPort ()I 1025 1 128 0 -1
ciMethodData java/lang/String hashCode ()I 2 20587 orig 264 72 34 91 100 0 0 0 0 184 79 36 21 0 0 0 0 152 1 0 0 32 0 0 0 0 0 0 0 0 0 0 0 0 0 0 0 0 0 0 0 0 0 0 0 0 0 0 0 0 0 0 0 0 0 0 0 0 0 0 0 0 0 0 0 0 0 0 0 0 0 0 0 0 0 0 0 0 0 0 0 77 68 79 32 101 120 116 114 97 32 100 97 116 97 32 108 111 99 107 0 0 0 0 0 0 0 0 0 0 0 0 0 0 0 0 0 0 0 0 0 0 0 0 0 0 0 0 0 0 0 0 0 0 0 0 0 0 0 0 0 0 0 0 0 0 0 0 0 0 0 0 0 0 0 0 0 0 0 0 0 0 0 0 0 0 0 0 0 0 0 0 0 0 0 0 0 0 0 0 0 0 0 0 0 0 0 0 0 0 0 0 0 0 0 0 0 0 0 0 0 0 0 0 0 0 0 0 0 0 0 0 0 0 0 0 0 0 16 0 0 89 24 0 0 89 3 2 0 0 0 0 0 0 0 0 0 2 0 0 0 1 0 11 0 2 0 0 0 120 0 0 0 255 255 255 255 7 0 6 0 0 0 0 0 data 15 0x60007 0xd7 0x78 0x234 0xe0007 0x4 0x58 0x230 0x1e0007 0x230 0x38 0x406b 0x2d0003 0x406b 0xffffffffffffffe0 oops 0
ciMethod sun/misc/URLClassPath disableAllLookupCaches ()V 25 1 3 0 -1
ciMethod sun/misc/URLClassPath validateLookupCache (ILjava/lang/String;)V 121 1 59 0 0
ciMethod sun/misc/URLClassPath getLoader (I)Lsun/misc/URLClassPath$Loader; 2041 121 5377 0 -1
ciMethod sun/misc/URLClassPath getLoader (Ljava/net/URL;)Lsun/misc/URLClassPath$Loader; 121 1 61 0 0
ciMethod sun/misc/URLClassPath push ([Ljava/net/URL;)V 33 417 5 0 -1
ciMethod java/util/jar/JarFile getManifest ()Ljava/util/jar/Manifest; 1041 1 223 0 -1
ciMethod sun/misc/JavaUtilJarAccess jarFileHasClassPathAttribute (Ljava/util/jar/JarFile;)Z 0 0 1 0 -1
ciMethodData java/lang/String equals (Ljava/lang/Object;)Z 2 17859 orig 264 72 34 91 100 0 0 0 0 208 69 36 21 0 0 0 0 104 2 0 0 160 0 0 0 0 0 0 0 0 0 0 0 0 0 0 0 0 0 0 0 0 0 0 0 0 0 0 0 0 0 0 0 0 0 0 0 0 0 0 0 0 0 0 0 0 0 0 0 0 0 0 0 0 0 0 0 0 0 0 0 77 68 79 32 101 120 116 114 97 32 100 97 116 97 32 108 111 99 107 0 0 0 0 0 0 0 0 0 0 0 0 0 0 0 0 0 0 0 0 0 0 0 0 0 0 0 0 0 0 0 0 0 0 0 0 0 0 0 0 0 0 0 0 0 0 0 0 0 0 0 0 0 0 0 0 0 0 0 0 0 0 0 0 0 0 0 0 0 0 0 0 0 0 0 0 0 0 0 0 0 0 0 0 0 0 0 0 0 0 0 0 0 0 0 0 0 0 0 0 0 0 0 0 0 0 0 0 0 0 0 0 0 0 0 0 0 171 5 0 0 49 82 0 0 193 0 2 0 0 0 0 0 0 0 0 0 2 0 0 0 1 0 15 0 2 0 0 0 24 1 0 0 255 255 255 255 7 0 2 0 0 0 0 0 data 35 0x20007 0x74e 0x20 0x2f8 0x80104 0x0 0x234a5f0 0x74d 0x0 0x0 0xb0007 0x1 0xc8 0x74d 0xf0004 0x0 0x234a5f0 0x74d 0x0 0x0 0x1f0007 0x47c 0x78 0x2d1 0x350007 0x2c0 0x58 0x4029 0x420007 0x4018 0x20 0x11 0x4a0003 0x4018 0xffffffffffffffc0 oops 2